# JRE version: OpenJDK Runtime Environment (11.0.13) (build 11.0.13+0-b1751.21-8125866)
# Java VM: OpenJDK 64-Bit Server VM (11.0.13+0-b1751.21-8125866, mixed mode, tiered, compressed oops, g1 gc, windows-amd64)
Heap:
 garbage-first heap   total 262144K, used 147791K [0x00000000a0000000, 0x0000000100000000)
  region size 1024K, 121 young (123904K), 13 survivors (13312K)
 Metaspace       used 49687K, capacity 51092K, committed 51152K, reserved 1093632K
  class space    used 6216K, capacity 6724K, committed 6784K, reserved 1048576K
GC Heap History (10 events):
Event: 3.392 GC heap before
{Heap before GC invocations=0 (full 0):
 garbage-first heap   total 262144K, used 29696K [0x00000000a0000000, 0x0000000100000000)
  region size 1024K, 24 young (24576K), 0 survivors (0K)
 Metaspace       used 9823K, capacity 9968K, committed 10112K, reserved 1058816K
  class space    used 1006K, capacity 1069K, committed 1152K, reserved 1048576K
}
Event: 3.400 GC heap after
{Heap after GC invocations=1 (full 0):
 garbage-first heap   total 262144K, used 9469K [0x00000000a0000000, 0x0000000100000000)
  region size 1024K, 3 young (3072K), 3 survivors (3072K)
 Metaspace       used 9823K, capacity 9968K, committed 10112K, reserved 1058816K
  class space    used 1006K, capacity 1069K, committed 1152K, reserved 1048576K
}
Event: 9.903 GC heap before
{Heap before GC invocations=1 (full 0):
 garbage-first heap   total 262144K, used 107773K [0x00000000a0000000, 0x0000000100000000)
  region size 1024K, 100 young (102400K), 3 survivors (3072K)
 Metaspace       used 20720K, capacity 21170K, committed 21296K, reserved 1069056K
  class space    used 2496K, capacity 2658K, committed 2688K, reserved 1048576K
}
Event: 9.922 GC heap after
{Heap after GC invocations=2 (full 0):
 garbage-first heap   total 262144K, used 16961K [0x00000000a0000000, 0x0000000100000000)
  region size 1024K, 11 young (11264K), 11 survivors (11264K)
 Metaspace       used 20720K, capacity 21170K, committed 21296K, reserved 1069056K
  class space    used 2496K, capacity 2658K, committed 2688K, reserved 1048576K
}
Event: 11.267 GC heap before
{Heap before GC invocations=3 (full 0):
 garbage-first heap   total 262144K, used 66113K [0x00000000a0000000, 0x0000000100000000)
  region size 1024K, 59 young (60416K), 11 survivors (11264K)
 Metaspace       used 25786K, capacity 26365K, committed 26544K, reserved 1073152K
  class space    used 3321K, capacity 3524K, committed 3584K, reserved 1048576K
}
Event: 11.281 GC heap after
{Heap after GC invocations=4 (full 0):
 garbage-first heap   total 262144K, used 19199K [0x00000000a0000000, 0x0000000100000000)
  region size 1024K, 3 young (3072K), 3 survivors (3072K)
 Metaspace       used 25786K, capacity 26365K, committed 26544K, reserved 1073152K
  class space    used 3321K, capacity 3524K, committed 3584K, reserved 1048576K
}
Event: 13.792 GC heap before
{Heap before GC invocations=4 (full 0):
 garbage-first heap   total 262144K, used 84735K [0x00000000a0000000, 0x0000000100000000)
  region size 1024K, 68 young (69632K), 3 survivors (3072K)
 Metaspace       used 35062K, capacity 35789K, committed 35920K, reserved 1081344K
  class space    used 4469K, capacity 4774K, committed 4864K, reserved 1048576K
}
Event: 13.814 GC heap after
{Heap after GC invocations=5 (full 0):
 garbage-first heap   total 262144K, used 22502K [0x00000000a0000000, 0x0000000100000000)
  region size 1024K, 6 young (6144K), 6 survivors (6144K)
 Metaspace       used 35062K, capacity 35789K, committed 35920K, reserved 1081344K
  class space    used 4469K, capacity 4774K, committed 4864K, reserved 1048576K
}
Event: 17.908 GC heap before
{Heap before GC invocations=6 (full 0):
 garbage-first heap   total 262144K, used 141286K [0x00000000a0000000, 0x0000000100000000)
  region size 1024K, 119 young (121856K), 6 survivors (6144K)
 Metaspace       used 44177K, capacity 45276K, committed 45520K, reserved 1089536K
  class space    used 5530K, capacity 5941K, committed 6016K, reserved 1048576K
}
Event: 17.937 GC heap after
{Heap after GC invocations=7 (full 0):
 garbage-first heap   total 262144K, used 30031K [0x00000000a0000000, 0x0000000100000000)
  region size 1024K, 13 young (13312K), 13 survivors (13312K)
 Metaspace       used 44177K, capacity 45276K, committed 45520K, reserved 1089536K
  class space    used 5530K, capacity 5941K, committed 6016K, reserved 1048576K
}

