# JRE version: OpenJDK Runtime Environment (11.0.13) (build 11.0.13+0-b1751.21-8125866)
# Java VM: OpenJDK 64-Bit Server VM (11.0.13+0-b1751.21-8125866, mixed mode, tiered, compressed oops, g1 gc, windows-amd64)
Heap:
 garbage-first heap   total 262144K, used 145207K [0x00000000a0000000, 0x0000000100000000)
  region size 1024K, 50 young (51200K), 14 survivors (14336K)
 Metaspace       used 93936K, capacity 97036K, committed 97236K, reserved 1134592K
  class space    used 12126K, capacity 13203K, committed 13312K, reserved 1048576K
GC Heap History (20 events):
Event: 6.343 GC heap before
{Heap before GC invocations=3 (full 0):
 garbage-first heap   total 262144K, used 53420K [0x00000000a0000000, 0x0000000100000000)
  region size 1024K, 46 young (47104K), 10 survivors (10240K)
 Metaspace       used 24158K, capacity 24668K, committed 24752K, reserved 1071104K
  class space    used 3044K, capacity 3253K, committed 3328K, reserved 1048576K
}
Event: 6.352 GC heap after
{Heap after GC invocations=4 (full 0):
 garbage-first heap   total 262144K, used 18226K [0x00000000a0000000, 0x0000000100000000)
  region size 1024K, 2 young (2048K), 2 survivors (2048K)
 Metaspace       used 24158K, capacity 24668K, committed 24752K, reserved 1071104K
  class space    used 3044K, capacity 3253K, committed 3328K, reserved 1048576K
}
Event: 9.025 GC heap before
{Heap before GC invocations=4 (full 0):
 garbage-first heap   total 262144K, used 97074K [0x00000000a0000000, 0x0000000100000000)
  region size 1024K, 80 young (81920K), 2 survivors (2048K)
 Metaspace       used 35046K, capacity 35781K, committed 35920K, reserved 1081344K
  class space    used 4464K, capacity 4774K, committed 4864K, reserved 1048576K
}
Event: 9.040 GC heap after
{Heap after GC invocations=5 (full 0):
 garbage-first heap   total 262144K, used 21970K [0x00000000a0000000, 0x0000000100000000)
  region size 1024K, 6 young (6144K), 6 survivors (6144K)
 Metaspace       used 35046K, capacity 35781K, committed 35920K, reserved 1081344K
  class space    used 4464K, capacity 4774K, committed 4864K, reserved 1048576K
}
Event: 12.761 GC heap before
{Heap before GC invocations=6 (full 0):
 garbage-first heap   total 262144K, used 124370K [0x00000000a0000000, 0x0000000100000000)
  region size 1024K, 103 young (105472K), 6 survivors (6144K)
 Metaspace       used 43684K, capacity 44641K, committed 44880K, reserved 1089536K
  class space    used 5457K, capacity 5837K, committed 5888K, reserved 1048576K
}
Event: 12.782 GC heap after
{Heap after GC invocations=7 (full 0):
 garbage-first heap   total 262144K, used 28570K [0x00000000a0000000, 0x0000000100000000)
  region size 1024K, 12 young (12288K), 12 survivors (12288K)
 Metaspace       used 43684K, capacity 44641K, committed 44880K, reserved 1089536K
  class space    used 5457K, capacity 5837K, committed 5888K, reserved 1048576K
}
Event: 15.779 GC heap before
{Heap before GC invocations=7 (full 0):
 garbage-first heap   total 262144K, used 156570K [0x00000000a0000000, 0x0000000100000000)
  region size 1024K, 129 young (132096K), 12 survivors (12288K)
 Metaspace       used 49411K, capacity 50835K, committed 50896K, reserved 1093632K
  class space    used 6193K, capacity 6727K, committed 6784K, reserved 1048576K
}
Event: 15.800 GC heap after
{Heap after GC invocations=8 (full 0):
 garbage-first heap   total 262144K, used 48199K [0x00000000a0000000, 0x0000000100000000)
  region size 1024K, 17 young (17408K), 17 survivors (17408K)
 Metaspace       used 49411K, capacity 50835K, committed 50896K, reserved 1093632K
  class space    used 6193K, capacity 6727K, committed 6784K, reserved 1048576K
}
Event: 17.145 GC heap before
{Heap before GC invocations=8 (full 0):
 garbage-first heap   total 262144K, used 120903K [0x00000000a0000000, 0x0000000100000000)
  region size 1024K, 89 young (91136K), 17 survivors (17408K)
 Metaspace       used 58646K, capacity 60172K, committed 60240K, reserved 1101824K
  class space    used 7311K, capacity 7875K, committed 7936K, reserved 1048576K
}
Event: 17.182 GC heap after
{Heap after GC invocations=9 (full 0):
 garbage-first heap   total 262144K, used 51937K [0x00000000a0000000, 0x0000000100000000)
  region size 1024K, 4 young (4096K), 4 survivors (4096K)
 Metaspace       used 58646K, capacity 60172K, committed 60240K, reserved 1101824K
  class space    used 7311K, capacity 7875K, committed 7936K, reserved 1048576K
}
Event: 19.901 GC heap before
{Heap before GC invocations=10 (full 0):
 garbage-first heap   total 262144K, used 177889K [0x00000000a0000000, 0x0000000100000000)
  region size 1024K, 127 young (130048K), 4 survivors (4096K)
 Metaspace       used 68109K, capacity 69830K, committed 69972K, reserved 1110016K
  class space    used 8496K, capacity 9073K, committed 9088K, reserved 1048576K
}
Event: 19.915 GC heap after
{Heap after GC invocations=11 (full 0):
 garbage-first heap   total 262144K, used 58418K [0x00000000a0000000, 0x0000000100000000)
  region size 1024K, 10 young (10240K), 10 survivors (10240K)
 Metaspace       used 68109K, capacity 69830K, committed 69972K, reserved 1110016K
  class space    used 8496K, capacity 9073K, committed 9088K, reserved 1048576K
}
Event: 21.249 GC heap before
{Heap before GC invocations=12 (full 0):
 garbage-first heap   total 262144K, used 188466K [0x00000000a0000000, 0x0000000100000000)
  region size 1024K, 135 young (138240K), 10 survivors (10240K)
 Metaspace       used 70103K, capacity 72038K, committed 72276K, reserved 1112064K
  class space    used 8822K, capacity 9526K, committed 9600K, reserved 1048576K
}
Event: 21.268 GC heap after
{Heap after GC invocations=13 (full 0):
 garbage-first heap   total 262144K, used 70843K [0x00000000a0000000, 0x0000000100000000)
  region size 1024K, 17 young (17408K), 17 survivors (17408K)
 Metaspace       used 70103K, capacity 72038K, committed 72276K, reserved 1112064K
  class space    used 8822K, capacity 9526K, committed 9600K, reserved 1048576K
}
Event: 23.538 GC heap before
{Heap before GC invocations=13 (full 0):
 garbage-first heap   total 262144K, used 193723K [0x00000000a0000000, 0x0000000100000000)
  region size 1024K, 137 young (140288K), 17 survivors (17408K)
 Metaspace       used 78077K, capacity 80234K, committed 80468K, reserved 1120256K
  class space    used 10058K, capacity 10817K, committed 10880K, reserved 1048576K
}
Event: 23.564 GC heap after
{Heap after GC invocations=14 (full 0):
 garbage-first heap   total 262144K, used 80688K [0x00000000a0000000, 0x0000000100000000)
  region size 1024K, 10 young (10240K), 10 survivors (10240K)
 Metaspace       used 78077K, capacity 80234K, committed 80468K, reserved 1120256K
  class space    used 10058K, capacity 10817K, committed 10880K, reserved 1048576K
}
Event: 26.198 GC heap before
{Heap before GC invocations=14 (full 0):
 garbage-first heap   total 262144K, used 199472K [0x00000000a0000000, 0x0000000100000000)
  region size 1024K, 125 young (128000K), 10 survivors (10240K)
 Metaspace       used 84775K, capacity 87508K, committed 87764K, reserved 1126400K
  class space    used 11034K, capacity 12006K, committed 12032K, reserved 1048576K
}
Event: 26.224 GC heap after
{Heap after GC invocations=15 (full 0):
 garbage-first heap   total 262144K, used 96271K [0x00000000a0000000, 0x0000000100000000)
  region size 1024K, 14 young (14336K), 14 survivors (14336K)
 Metaspace       used 84775K, capacity 87508K, committed 87764K, reserved 1126400K
  class space    used 11034K, capacity 12006K, committed 12032K, reserved 1048576K
}
Event: 28.738 GC heap before
{Heap before GC invocations=15 (full 0):
 garbage-first heap   total 262144K, used 200719K [0x00000000a0000000, 0x0000000100000000)
  region size 1024K, 117 young (119808K), 14 survivors (14336K)
 Metaspace       used 92776K, capacity 95660K, committed 95956K, reserved 1132544K
  class space    used 11930K, capacity 12956K, committed 13056K, reserved 1048576K
}
Event: 28.769 GC heap after
{Heap after GC invocations=16 (full 0):
 garbage-first heap   total 262144K, used 110391K [0x00000000a0000000, 0x0000000100000000)
  region size 1024K, 14 young (14336K), 14 survivors (14336K)
 Metaspace       used 92776K, capacity 95660K, committed 95956K, reserved 1132544K
  class space    used 11930K, capacity 12956K, committed 13056K, reserved 1048576K
}

