# JRE version: OpenJDK Runtime Environment (11.0.13) (build 11.0.13+0-b1751.21-8125866)
# Java VM: OpenJDK 64-Bit Server VM (11.0.13+0-b1751.21-8125866, mixed mode, tiered, compressed oops, g1 gc, windows-amd64)
Heap:
 garbage-first heap   total 262144K, used 63335K [0x00000000a0000000, 0x0000000100000000)
  region size 1024K, 32 young (32768K), 17 survivors (17408K)
 Metaspace       used 52236K, capacity 53746K, committed 53840K, reserved 1095680K
  class space    used 6562K, capacity 7102K, committed 7168K, reserved 1048576K
GC Heap History (12 events):
Event: 1.601 GC heap before
{Heap before GC invocations=0 (full 0):
 garbage-first heap   total 262144K, used 29696K [0x00000000a0000000, 0x0000000100000000)
  region size 1024K, 24 young (24576K), 0 survivors (0K)
 Metaspace       used 9818K, capacity 9964K, committed 10112K, reserved 1058816K
  class space    used 1006K, capacity 1069K, committed 1152K, reserved 1048576K
}
Event: 1.608 GC heap after
{Heap after GC invocations=1 (full 0):
 garbage-first heap   total 262144K, used 9408K [0x00000000a0000000, 0x0000000100000000)
  region size 1024K, 3 young (3072K), 3 survivors (3072K)
 Metaspace       used 9818K, capacity 9964K, committed 10112K, reserved 1058816K
  class space    used 1006K, capacity 1069K, committed 1152K, reserved 1048576K
}
Event: 7.139 GC heap before
{Heap before GC invocations=1 (full 0):
 garbage-first heap   total 262144K, used 107712K [0x00000000a0000000, 0x0000000100000000)
  region size 1024K, 100 young (102400K), 3 survivors (3072K)
 Metaspace       used 20741K, capacity 21188K, committed 21296K, reserved 1069056K
  class space    used 2501K, capacity 2666K, committed 2688K, reserved 1048576K
}
Event: 7.156 GC heap after
{Heap after GC invocations=2 (full 0):
 garbage-first heap   total 262144K, used 17126K [0x00000000a0000000, 0x0000000100000000)
  region size 1024K, 11 young (11264K), 11 survivors (11264K)
 Metaspace       used 20741K, capacity 21188K, committed 21296K, reserved 1069056K
  class space    used 2501K, capacity 2666K, committed 2688K, reserved 1048576K
}
Event: 7.474 GC heap before
{Heap before GC invocations=3 (full 0):
 garbage-first heap   total 262144K, used 38630K [0x00000000a0000000, 0x0000000100000000)
  region size 1024K, 32 young (32768K), 11 survivors (11264K)
 Metaspace       used 22445K, capacity 22949K, committed 23216K, reserved 1069056K
  class space    used 2813K, capacity 3000K, committed 3072K, reserved 1048576K
}
Event: 7.482 GC heap after
{Heap after GC invocations=4 (full 0):
 garbage-first heap   total 262144K, used 18147K [0x00000000a0000000, 0x0000000100000000)
  region size 1024K, 1 young (1024K), 1 survivors (1024K)
 Metaspace       used 22445K, capacity 22949K, committed 23216K, reserved 1069056K
  class space    used 2813K, capacity 3000K, committed 3072K, reserved 1048576K
}
Event: 10.104 GC heap before
{Heap before GC invocations=4 (full 0):
 garbage-first heap   total 262144K, used 112355K [0x00000000a0000000, 0x0000000100000000)
  region size 1024K, 94 young (96256K), 1 survivors (1024K)
 Metaspace       used 35046K, capacity 35817K, committed 35920K, reserved 1081344K
  class space    used 4472K, capacity 4806K, committed 4864K, reserved 1048576K
}
Event: 10.125 GC heap after
{Heap after GC invocations=5 (full 0):
 garbage-first heap   total 262144K, used 22747K [0x00000000a0000000, 0x0000000100000000)
  region size 1024K, 6 young (6144K), 6 survivors (6144K)
 Metaspace       used 35046K, capacity 35817K, committed 35920K, reserved 1081344K
  class space    used 4472K, capacity 4806K, committed 4864K, reserved 1048576K
}
Event: 13.240 GC heap before
{Heap before GC invocations=6 (full 0):
 garbage-first heap   total 262144K, used 133339K [0x00000000a0000000, 0x0000000100000000)
  region size 1024K, 110 young (112640K), 6 survivors (6144K)
 Metaspace       used 43711K, capacity 44649K, committed 44880K, reserved 1089536K
  class space    used 5465K, capacity 5839K, committed 5888K, reserved 1048576K
}
Event: 13.264 GC heap after
{Heap after GC invocations=7 (full 0):
 garbage-first heap   total 262144K, used 29882K [0x00000000a0000000, 0x0000000100000000)
  region size 1024K, 13 young (13312K), 13 survivors (13312K)
 Metaspace       used 43711K, capacity 44649K, committed 44880K, reserved 1089536K
  class space    used 5465K, capacity 5839K, committed 5888K, reserved 1048576K
}
Event: 16.805 GC heap before
{Heap before GC invocations=7 (full 0):
 garbage-first heap   total 262144K, used 164026K [0x00000000a0000000, 0x0000000100000000)
  region size 1024K, 136 young (139264K), 13 survivors (13312K)
 Metaspace       used 50483K, capacity 51894K, committed 52048K, reserved 1095680K
  class space    used 6346K, capacity 6868K, committed 6912K, reserved 1048576K
}
Event: 16.844 GC heap after
{Heap after GC invocations=8 (full 0):
 garbage-first heap   total 262144K, used 48999K [0x00000000a0000000, 0x0000000100000000)
  region size 1024K, 17 young (17408K), 17 survivors (17408K)
 Metaspace       used 50483K, capacity 51894K, committed 52048K, reserved 1095680K
  class space    used 6346K, capacity 6868K, committed 6912K, reserved 1048576K
}

